2021-10-04T06:01:41.657490Z mysqld_safe Logging to '/var/lib/mysql/28f08638fba4.err'.
2021-10-04T06:01:41.735920Z mysqld_safe Starting mysqld daemon with databases from /var/lib/mysql
2021-10-04T06:01:41.972568Z 0 [Warning] TIMESTAMP with implicit DEFAULT value is deprecated. Please use --explicit_defaults_for_timestamp server option (see documentation for more details).
2021-10-04T06:01:41.985909Z 0 [Note] /usr/sbin/mysqld (mysqld 5.7.35) starting as process 258 ...
2021-10-04T06:01:42.083116Z 0 [Warning] Setting lower_case_table_names=2 because file system for /var/lib/mysql/ is case insensitive
2021-10-04T06:01:42.284967Z 0 [Note] InnoDB: PUNCH HOLE support available
2021-10-04T06:01:42.285588Z 0 [Note] InnoDB: Mutexes and rw_locks use GCC atomic builtins
2021-10-04T06:01:42.285985Z 0 [Note] InnoDB: Uses event mutexes
2021-10-04T06:01:42.286387Z 0 [Note] InnoDB: GCC builtin __atomic_thread_fence() is used for memory barrier
2021-10-04T06:01:42.286838Z 0 [Note] InnoDB: Compressed tables use zlib 1.2.11
2021-10-04T06:01:42.287255Z 0 [Note] InnoDB: Using Linux native AIO
2021-10-04T06:01:42.289904Z 0 [Note] InnoDB: Number of pools: 1
2021-10-04T06:01:42.315276Z 0 [Note] InnoDB: Using CPU crc32 instructions
2021-10-04T06:01:42.317549Z 0 [Note] InnoDB: Initializing buffer pool, total size = 128M, instances = 1, chunk size = 128M
2021-10-04T06:01:42.327481Z 0 [Note] InnoDB: Completed initialization of buffer pool
2021-10-04T06:01:42.329796Z 0 [Note] InnoDB: If the mysqld execution user is authorized, page cleaner thread priority can be changed. See the man page of setpriority().
2021-10-04T06:01:42.667724Z 0 [Note] InnoDB: Highest supported file format is Barracuda.
2021-10-04T06:01:43.981516Z 0 [Note] InnoDB: Creating shared tablespace for temporary tables
2021-10-04T06:01:43.983840Z 0 [Note] InnoDB: Setting file './ibtmp1' size to 12 MB. Physically writing the file full; Please wait ...
2021-10-04T06:01:44.310709Z 0 [Note] InnoDB: File './ibtmp1' size is now 12 MB.
2021-10-04T06:01:44.377795Z 0 [Note] InnoDB: 96 redo rollback segment(s) found. 96 redo rollback segment(s) are active.
2021-10-04T06:01:44.378191Z 0 [Note] InnoDB: 32 non-redo rollback segment(s) are active.
2021-10-04T06:01:44.378994Z 0 [Note] InnoDB: Waiting for purge to start
2021-10-04T06:01:44.429705Z 0 [Note] InnoDB: Waiting for purge to start
2021-10-04T06:01:44.480645Z 0 [Note] InnoDB: Waiting for purge to start
2021-10-04T06:01:44.534047Z 0 [Note] InnoDB: Waiting for purge to start
2021-10-04T06:01:44.585716Z 0 [Note] InnoDB: Waiting for purge to start
2021-10-04T06:01:44.637719Z 0 [Note] InnoDB: Waiting for purge to start
2021-10-04T06:01:44.690177Z 0 [Note] InnoDB: Waiting for purge to start
2021-10-04T06:01:44.744003Z 0 [Note] InnoDB: Waiting for purge to start
2021-10-04T06:01:44.797450Z 0 [Note] InnoDB: Waiting for purge to start
2021-10-04T06:01:44.848372Z 0 [Note] InnoDB: Waiting for purge to start
2021-10-04T06:01:44.900011Z 0 [Note] InnoDB: 5.7.35 started; log sequence number 12666674
2021-10-04T06:01:44.901920Z 0 [Note] InnoDB: Loading buffer pool(s) from /var/lib/mysql/ib_buffer_pool
2021-10-04T06:01:44.924883Z 0 [Note] Plugin 'FEDERATED' is disabled.
2021-10-04T06:01:45.963127Z 0 [Note] Found ca.pem, server-cert.pem and server-key.pem in data directory. Trying to enable SSL support using them.
2021-10-04T06:01:45.963404Z 0 [Note] Skipping generation of SSL certificates as certificate files are present in data directory.
2021-10-04T06:01:45.963655Z 0 [Warning] A deprecated TLS version TLSv1 is enabled. Please use TLSv1.2 or higher.
2021-10-04T06:01:45.963891Z 0 [Warning] A deprecated TLS version TLSv1.1 is enabled. Please use TLSv1.2 or higher.
2021-10-04T06:01:46.218577Z 0 [Warning] CA certificate ca.pem is self signed.
2021-10-04T06:01:46.220531Z 0 [Note] Skipping generation of RSA key pair as key files are present in data directory.
2021-10-04T06:01:46.267059Z 0 [Note] Server hostname (bind-address): '*'; port: 3306
2021-10-04T06:01:46.267432Z 0 [Note] IPv6 is available.
2021-10-04T06:01:46.267863Z 0 [Note]   - '::' resolves to '::';
2021-10-04T06:01:46.268294Z 0 [Note] Server socket created on IP: '::'.
2021-10-04T06:01:46.296457Z 0 [Warning] Insecure configuration for --pid-file: Location '/var/run/mysqld' in the path is accessible to all OS users. Consider choosing a different directory.
2021-10-04T06:01:46.450227Z 0 [Note] InnoDB: Buffer pool(s) load completed at 211004  6:01:46
2021-10-04T06:01:47.713988Z 0 [Note] Event Scheduler: Loaded 0 events
2021-10-04T06:01:47.727727Z 0 [Note] /usr/sbin/mysqld: ready for connections.
Version: '5.7.35'  socket: '/var/run/mysqld/mysqld.sock'  port: 3306  MySQL Community Server (GPL)
2021-10-04T06:02:02.983295Z 2 [Note] Access denied for user 'root'@'127.0.0.1' (using password: YES)
2021-10-04T06:02:08.346376Z 3 [Note] Access denied for user 'root'@'127.0.0.1' (using password: YES)
